MPASM 5.71  /HOME/LUIS/MPLABXPROJECTS/CONTAD   8-15-2024  18:56:14         PAGE  1


LOC  OBJECT CODE     LINE SOURCE TEXT
  VALUE

                      00001 ; TODO INSERT CONFIG CODE HERE USING CONFIG BITS GENERATOR
                      00002 
                      00003 ; PIC16F628A Configuration Bit Settings
                      00004 
                      00005 ; Assembly source line config statements
                      00006 
                      00007 #include "p16f628a.inc"
                      00001         LIST
                      00002 
                      00003 ;==========================================================================
                      00004 ; Build date : Nov 17 2016
                      00005 ;  MPASM PIC16F628A processor include
                      00006 ; 
                      00007 ;  (c) Copyright 1999-2016 Microchip Technology, All rights reserved
                      00008 ;==========================================================================
                      00009 
                      00386         LIST
                      00008 
                      00009 ; CONFIG
                      00010 ; __config 0x3F70
2007   3F70           00011     __CONFIG _FOSC_INTOSCIO & _WDTE_OFF & _PWRTE_ON & _MCLRE_ON & _BOREN_ON & _LVP_OFF & _CPD_OFF & _CP_
                            OFF
                      00012 
                      00013 
                      00014 #define BANK0   BCF STATUS,RP0
                      00015 #define BANK1   BSF STATUS,RP0
                      00016 
                      00017     CBLOCK 0X20
  00000020            00018         FILTRO
  00000021            00019         UNIDADE
  00000022            00020         FLAGS
                      00021     ENDC
                      00022 
                      00023 
                      00024 #define JA_LI   FLAGS,0
                      00025 
                      00026 
                      00027 #define B_ZERAR PORTA,1
                      00028 #define B_UP    PORTA,2
                      00029 #define B_DOWN  PORTA,3
                      00030 
                      00031 
                      00032 #define DISPLAY PORTB
                      00033 
                      00034 
  00000064            00035 V_FILTRO        equ .100
                      00036 
                      00037 
                      00038 RES_VECT  CODE    0x0000            ; processor reset vector
                      00039     
0000   1683           00040     BANK1                           
Message[302]: Register in operand not in bank 0.  Ensure that bank bits are correct.
0001   0186           00041     CLRF    TRISB                   
MPASM 5.71  /HOME/LUIS/MPLABXPROJECTS/CONTAD   8-15-2024  18:56:14         PAGE  2


LOC  OBJECT CODE     LINE SOURCE TEXT
  VALUE

0002   1283           00042     BANK0                           
                      00043     
0003   3064           00044     MOVLW   V_FILTRO                
0004   00A0           00045     MOVWF   FILTRO                  
0005   1022           00046     BCF     JA_LI                   
0006   01A1           00047     CLRF    UNIDADE                 
                      00048     
0007   2???           00049     CALL    ATUALIZA_DISPLAY        
                      00050     
0008                  00051 LOOP
0008   1C85           00052     BTFSS   B_ZERAR                 
0009   2???           00053     GOTO    B_ZERAR_ACIONADO        
                      00054   
000A   1D05           00055     BTFSS   B_UP                    
000B   2???           00056     GOTO    B_UP_ACIONADO
                      00057     
000C   1D85           00058     BTFSS   B_DOWN
000D   2???           00059     GOTO    B_DOWN_ACIONADO
                      00060     
000E   2???           00061     GOTO    B_N_ACIONADO
                      00062     
000F                  00063 B_N_ACIONADO
000F   3064           00064     MOVLW   V_FILTRO                
0010   00A0           00065     MOVWF   FILTRO                  
0011   1022           00066     BCF     JA_LI                   
                      00067     
0012   2???           00068     GOTO    LOOP
                      00069     
0013                  00070 B_ZERAR_ACIONADO
0013   01A1           00071     CLRF    UNIDADE                 
0014   2???           00072     CALL    ATUALIZA_DISPLAY        
                      00073     
0015   2???           00074     GOTO    LOOP            
                      00075     
0016                  00076 B_UP_ACIONADO
0016   1822           00077     BTFSC   JA_LI                   
0017   2???           00078     GOTO    LOOP           
0018   0BA0           00079     DECFSZ  FILTRO,F               
0019   2???           00080     GOTO    LOOP            
001A   1422           00081     BSF     JA_LI                   
001B   0AA1           00082     INCF    UNIDADE,F               
001C   300A           00083     MOVLW   .10                    
001D   0221           00084     SUBWF   UNIDADE,W               
001E   1803           00085     BTFSC   STATUS,C                
001F   01A1           00086     CLRF    UNIDADE                 
                      00087  
0020   2???           00088     CALL    ATUALIZA_DISPLAY        
0021   2???           00089     GOTO    LOOP            
                      00090 
0022                  00091 B_DOWN_ACIONADO
0022   1822           00092     BTFSC   JA_LI                  
0023   2???           00093     GOTO    LOOP            
0024   0BA0           00094     DECFSZ  FILTRO,F                
MPASM 5.71  /HOME/LUIS/MPLABXPROJECTS/CONTAD   8-15-2024  18:56:14         PAGE  3


LOC  OBJECT CODE     LINE SOURCE TEXT
  VALUE

0025   2???           00095     GOTO    LOOP            
0026   1422           00096     BSF     JA_LI                   
0027   03A1           00097     DECF    UNIDADE,F               
0028   300A           00098     MOVLW   .10                     
0029   0221           00099     SUBWF   UNIDADE,W               
002A   1803           00100     BTFSC   STATUS,C                
002B   2???           00101     CALL    SET_9
                      00102     
002C   2???           00103     CALL    ATUALIZA_DISPLAY        
002D   2???           00104     GOTO    LOOP            
                      00105     
                      00106   
002E                  00107 ATUALIZA_DISPLAY
002E   0821           00108     MOVF    UNIDADE,W              
002F   2???           00109     CALL    BUSCA_CODIGO            
0030   0086           00110     MOVWF   DISPLAY                 
                      00111     
0031   0008           00112     RETURN                          
                      00113     
                      00114     
0032                  00115 SET_9
0032   3009           00116     MOVLW   .9                 
0033   00A1           00117     MOVWF   UNIDADE            
                      00118     
0034   0008           00119     RETURN
                      00120     
                      00121 
0035                  00122 BUSCA_CODIGO
0035   0782           00123     ADDWF   PCL,F                   
                      00124     
0036   34FE           00125     RETLW   0xFE                   
0037   3438           00126     RETLW   0x38                    
0038   34DD           00127     RETLW   0xDD                    
0039   347D           00128     RETLW   0x7D                    
003A   343B           00129     RETLW   0x3B                    
003B   3477           00130     RETLW   0x77                   
003C   34F7           00131     RETLW   0xF7                    
003D   343C           00132     RETLW   0x3C                    
003E   34FF           00133     RETLW   0xFF                    
003F   347F           00134     RETLW   0x7F                    
                      00135     
3F70                  00136     END
MPASM 5.71  /HOME/LUIS/MPLABXPROJECTS/CONTAD   8-15-2024  18:56:14         PAGE  4


SYMBOL TABLE
  LABEL                             VALUE 

ADDEN                             00000003
ADEN                              00000003
ATUALIZA_DISPLAY                  0000002E
BANK0                             BCF STATUS,RP0
BANK1                             BSF STATUS,RP0
BRGH                              00000002
BUSCA_CODIGO                      00000035
B_DOWN                            PORTA,3
B_DOWN_ACIONADO                   00000022
B_N_ACIONADO                      0000000F
B_UP                              PORTA,2
B_UP_ACIONADO                     00000016
B_ZERAR                           PORTA,1
B_ZERAR_ACIONADO                  00000013
C                                 00000000
C1INV                             00000004
C1OUT                             00000006
C2INV                             00000005
C2OUT                             00000007
CCP1CON                           00000017
CCP1IE                            00000002
CCP1IF                            00000002
CCP1M0                            00000000
CCP1M1                            00000001
CCP1M2                            00000002
CCP1M3                            00000003
CCP1X                             00000005
CCP1Y                             00000004
CCPR1                             00000015
CCPR1H                            00000016
CCPR1L                            00000015
CIS                               00000003
CM0                               00000000
CM1                               00000001
CM2                               00000002
CMCON                             0000001F
CMIE                              00000006
CMIF                              00000006
CREN                              00000004
CSRC                              00000007
DATA_CP_OFF                       00003FFF
DATA_CP_ON                        00003EFF
DC                                00000001
DISPLAY                           PORTB
EEADR                             0000009B
EECON1                            0000009C
EECON2                            0000009D
EEDATA                            0000009A
EEIE                              00000007
EEIF                              00000007
F                                 00000001
FERR                              00000002
FILTRO                            00000020
MPASM 5.71  /HOME/LUIS/MPLABXPROJECTS/CONTAD   8-15-2024  18:56:14         PAGE  5


SYMBOL TABLE
  LABEL                             VALUE 

FLAGS                             00000022
FSR                               00000004
GIE                               00000007
INDF                              00000000
INTCON                            0000000B
INTE                              00000004
INTEDG                            00000006
INTF                              00000001
IRP                               00000007
JA_LI                             FLAGS,0
LOOP                              00000008
NOT_BO                            00000000
NOT_BOD                           00000000
NOT_BOR                           00000000
NOT_PD                            00000003
NOT_POR                           00000001
NOT_RBPU                          00000007
NOT_T1SYNC                        00000002
NOT_TO                            00000004
OERR                              00000001
OPTION_REG                        00000081
OSCF                              00000003
PCL                               00000002
PCLATH                            0000000A
PCON                              0000008E
PEIE                              00000006
PIE1                              0000008C
PIR1                              0000000C
PORTA                             00000005
PORTB                             00000006
PR2                               00000092
PS0                               00000000
PS1                               00000001
PS2                               00000002
PSA                               00000003
RA0                               00000000
RA1                               00000001
RA2                               00000002
RA3                               00000003
RA4                               00000004
RA5                               00000005
RA6                               00000006
RA7                               00000007
RB0                               00000000
RB1                               00000001
RB2                               00000002
RB3                               00000003
RB4                               00000004
RB5                               00000005
RB6                               00000006
RB7                               00000007
RBIE                              00000003
RBIF                              00000000
MPASM 5.71  /HOME/LUIS/MPLABXPROJECTS/CONTAD   8-15-2024  18:56:14         PAGE  6


SYMBOL TABLE
  LABEL                             VALUE 

RCIE                              00000005
RCIF                              00000005
RCREG                             0000001A
RCSTA                             00000018
RD                                00000000
RP0                               00000005
RP1                               00000006
RX9                               00000006
RX9D                              00000000
SET_9                             00000032
SPBRG                             00000099
SPEN                              00000007
SREN                              00000005
STATUS                            00000003
SYNC                              00000004
T0CS                              00000005
T0IE                              00000005
T0IF                              00000002
T0SE                              00000004
T1CKPS0                           00000004
T1CKPS1                           00000005
T1CON                             00000010
T1OSCEN                           00000003
T2CKPS0                           00000000
T2CKPS1                           00000001
T2CON                             00000012
TMR0                              00000001
TMR0IE                            00000005
TMR0IF                            00000002
TMR1                              0000000E
TMR1CS                            00000001
TMR1H                             0000000F
TMR1IE                            00000000
TMR1IF                            00000000
TMR1L                             0000000E
TMR1ON                            00000000
TMR2                              00000011
TMR2IE                            00000001
TMR2IF                            00000001
TMR2ON                            00000002
TOUTPS0                           00000003
TOUTPS1                           00000004
TOUTPS2                           00000005
TOUTPS3                           00000006
TRISA                             00000085
TRISA0                            00000000
TRISA1                            00000001
TRISA2                            00000002
TRISA3                            00000003
TRISA4                            00000004
TRISA5                            00000005
TRISA6                            00000006
TRISA7                            00000007
MPASM 5.71  /HOME/LUIS/MPLABXPROJECTS/CONTAD   8-15-2024  18:56:14         PAGE  7


SYMBOL TABLE
  LABEL                             VALUE 

TRISB                             00000086
TRISB0                            00000000
TRISB1                            00000001
TRISB2                            00000002
TRISB3                            00000003
TRISB4                            00000004
TRISB5                            00000005
TRISB6                            00000006
TRISB7                            00000007
TRMT                              00000001
TX9                               00000006
TX9D                              00000000
TXEN                              00000005
TXIE                              00000004
TXIF                              00000004
TXREG                             00000019
TXSTA                             00000098
UNIDADE                           00000021
VR0                               00000000
VR1                               00000001
VR2                               00000002
VR3                               00000003
VRCON                             0000009F
VREN                              00000007
VROE                              00000006
VRR                               00000005
V_FILTRO                          00000064
W                                 00000000
WR                                00000001
WREN                              00000002
WRERR                             00000003
Z                                 00000002
_BODEN_OFF                        00003FBF
_BODEN_ON                         00003FFF
_BOREN_OFF                        00003FBF
_BOREN_ON                         00003FFF
_CONFIG                           00002007
_CPD_OFF                          00003FFF
_CPD_ON                           00003EFF
_CP_OFF                           00003FFF
_CP_ON                            00001FFF
_DEVID1                           00002006
_ER_OSC_CLKOUT                    00003FFF
_ER_OSC_NOCLKOUT                  00003FFE
_EXTCLK_OSC                       00003FEF
_FOSC_ECIO                        00003FEF
_FOSC_EXTRCCLK                    00003FFF
_FOSC_EXTRCIO                     00003FFE
_FOSC_HS                          00003FEE
_FOSC_INTOSCCLK                   00003FFD
_FOSC_INTOSCIO                    00003FFC
_FOSC_LP                          00003FEC
_FOSC_XT                          00003FED
MPASM 5.71  /HOME/LUIS/MPLABXPROJECTS/CONTAD   8-15-2024  18:56:14         PAGE  8


SYMBOL TABLE
  LABEL                             VALUE 

_HS_OSC                           00003FEE
_IDLOC0                           00002000
_IDLOC1                           00002001
_IDLOC2                           00002002
_IDLOC3                           00002003
_INTOSC_OSC_CLKOUT                00003FFD
_INTOSC_OSC_NOCLKOUT              00003FFC
_INTRC_OSC_CLKOUT                 00003FFD
_INTRC_OSC_NOCLKOUT               00003FFC
_LP_OSC                           00003FEC
_LVP_OFF                          00003F7F
_LVP_ON                           00003FFF
_MCLRE_OFF                        00003FDF
_MCLRE_ON                         00003FFF
_PWRTE_OFF                        00003FFF
_PWRTE_ON                         00003FF7
_RC_OSC_CLKOUT                    00003FFF
_RC_OSC_NOCLKOUT                  00003FFE
_WDTE_OFF                         00003FFB
_WDTE_ON                          00003FFF
_WDT_OFF                          00003FFB
_WDT_ON                           00003FFF
_XT_OSC                           00003FED
__16F628A                         00000001

Errors   :     0
Warnings :     0 reported,     0 suppressed
Messages :     1 reported,     0 suppressed

